020d740d-50ec-4491-abed-2b9dd0cb519b bpinsard@narval2.narval.calcul.quebec:/lustre03/project/6003287/datasets/cneuromod_processed/fmriprep/movie10/containers timestamp=1643403260.72582852s
06e7e34e-63ff-4d8b-a433-b16403f3a89f autoenable=false timestamp=1648836924.017556947s
0aabe8a3-04e6-4f46-9438-77fd39751efd bpinsard@narval2.narval.calcul.quebec:/lustre07/scratch/bpinsard/hcptrt.fmriprep/containers timestamp=1648752754.702198276s
23456fab-05d4-441e-8952-b8c6d90ad785 yoh@smaug:~/proj/repronim/containers timestamp=1556043359.652533896s
3bcd23f7-1adf-4dce-9f2a-efdaab4151d8 yoh@hopa:~/proj/repronim/containers timestamp=1555691904.828661905s
511017c8-f1a4-49d8-97ed-9e9c40c663bf yhalchen@discovery7.hpcc.dartmouth.edu:~/proj/repronim/containers timestamp=1565887415.226334s
58140b89-2abc-43eb-b89e-7c4cd82acab2 datalad timestamp=1615853980.989085041s
62d03716-6d84-443d-87c5-4c639bd07a99 basile@criugm0277:~/data/tests/cneuromod.procesed_conp_deploy2/fmriprep/friends/containers timestamp=1690049104.507114363s
71c620b5-997f-4849-bb30-c42dbb48a51e autoenable=false timestamp=1648836904.150471572s
7370abe1-b8f5-4d0e-bb07-c9c33883b3e6 bpinsard@narval2.narval.calcul.quebec:/lustre03/project/6003287/datasets/cneuromod_processed/fmriprep/hcptrt/containers timestamp=1643134818.904726293s
7945ee94-72a9-440c-b62e-ced1ec4675da bpinsard@beluga1.int.ets1.calculquebec.ca:/lustre03/project/6003287/datasets/cneuromod_processed/fmriprep/retinotopy/containers timestamp=1635264278.026845272s
7c7289ab-ad08-41eb-9318-f28e4fd957e7 yoh@smaug:/mnt/btrfs/datasets/datalad/crawl/repronim/containers timestamp=1562611112.436055778s
7f25c01b-bcd6-4e5a-808c-73a13450d0ec bpinsard@beluga1.int.ets1.calculquebec.ca:/lustre03/project/6003287/datasets/cneuromod_processed/mriqc/hcptrt/containers timestamp=1657896695.129590087s
a849cba6-0186-40a2-8677-7e4b5bd7fc78 bpinsard@beluga1.int.ets1.calculquebec.ca:/lustre03/project/6003287/datasets/containers timestamp=1632323998.385467s
b1e9b12f-4ce1-45b8-b9f6-091482f07489 ria-narval-storage timestamp=1639078478.590221163s
b9c641c0-89d3-4dd8-9f69-d00e00babc22 ria-sequoia-storage timestamp=1645044297.223438769s
bad70a4f-c1ce-4b0a-9419-3344b5a43569 bpinsard@beluga1.int.ets1.calculquebec.ca:/lustre03/project/6003287/datasets/cneuromod_processed/fmriprep/retinotopy/containers timestamp=1635367006.18313161s
c0f612d2-6e80-4ec5-b82b-77e92041bd3b bpinsard@beluga1.int.ets1.calculquebec.ca:/lustre03/project/6003287/datasets/cneuromod_processed/fmriprep/friends/containers timestamp=1634916002.397282256s
c2c478c2-91a6-43ec-8b29-d5dca0b015ae bpinsard@narval2.narval.calcul.quebec:/lustre03/project/6003287/datasets/cneuromod_processed/fmriprep/gamepad/containers timestamp=1644959283.014005387s
e2f1e5b6-d7a4-4d7a-a97e-12333ee0bb98 bpinsard@beluga1.int.ets1.calculquebec.ca:/lustre03/project/6003287/datasets/cneuromod_processed/fmriprep/shinobi/containers timestamp=1635294290.304199261s
e8041395-b24f-4a57-9783-9308ff7f6ffc bpinsard@narval2.narval.calcul.quebec:/lustre03/project/6003287/datasets/cneuromod_processed/fmriprep/mario/containers timestamp=1645215411.852829091s
ec3780a6-48c5-40f8-8fcc-ff64a9f66fae bpinsard@beluga1.int.ets1.calculquebec.ca:/lustre03/project/6003287/datasets/cneuromod_processed/fmriprep/retinotopy/containers timestamp=1632324875.16212s
